#! /usr/local/iverilog/bin/vvp
:ivl_version "11.0 (devel)" "(s20150603-642-g3bdb50da)";
:ivl_delay_selection "TYPICAL";
:vpi_time_precision + 0;
:vpi_module "system";
:vpi_module "vhdl_sys";
:vpi_module "vhdl_textio";
:vpi_module "v2005_math";
:vpi_module "va_math";
S_0000000000f854e0 .scope module, "instruction_memory" "instruction_memory" 2 1;
 .timescale 0 0;
    .port_info 0 /INPUT 32 "PC";
    .port_info 1 /INPUT 1 "reset";
    .port_info 2 /OUTPUT 32 "instruction_code";
o0000000000f86f98 .functor BUFZ 32, C4<zzzzzzzzzzzzzzzzzzzzzzzzzzzzzzzz>; HiZ drive
v0000000000f85670_0 .net "PC", 31 0, o0000000000f86f98;  0 drivers
v0000000000f85710_0 .net *"_s0", 7 0, L_0000000000fd1190;  1 drivers
v0000000000f85170_0 .net *"_s10", 7 0, L_0000000000fd05b0;  1 drivers
v0000000000fd0a10_0 .net *"_s12", 32 0, L_000000000102bef0;  1 drivers
L_0000000000fd14c8 .functor BUFT 1, C4<0>, C4<0>, C4<0>, C4<0>;
v0000000000fd0e70_0 .net *"_s15", 0 0, L_0000000000fd14c8;  1 drivers
L_0000000000fd1510 .functor BUFT 1, C4<000000000000000000000000000000010>, C4<0>, C4<0>, C4<0>;
v0000000000fd1370_0 .net/2u *"_s16", 32 0, L_0000000000fd1510;  1 drivers
v0000000000fd0650_0 .net *"_s18", 32 0, L_000000000102b8b0;  1 drivers
v0000000000fd0830_0 .net *"_s2", 32 0, L_0000000000fd0470;  1 drivers
v0000000000fd08d0_0 .net *"_s20", 7 0, L_000000000102a4b0;  1 drivers
v0000000000fd0f10_0 .net *"_s22", 32 0, L_000000000102b130;  1 drivers
L_0000000000fd1558 .functor BUFT 1, C4<0>, C4<0>, C4<0>, C4<0>;
v0000000000fd06f0_0 .net *"_s25", 0 0, L_0000000000fd1558;  1 drivers
L_0000000000fd15a0 .functor BUFT 1, C4<000000000000000000000000000000001>, C4<0>, C4<0>, C4<0>;
v0000000000fd0b50_0 .net/2u *"_s26", 32 0, L_0000000000fd15a0;  1 drivers
v0000000000fd10f0_0 .net *"_s28", 32 0, L_000000000102bb30;  1 drivers
v0000000000fd0970_0 .net *"_s30", 7 0, L_000000000102a550;  1 drivers
v0000000000fd0bf0_0 .net *"_s32", 32 0, L_000000000102b590;  1 drivers
L_0000000000fd15e8 .functor BUFT 1, C4<0>, C4<0>, C4<0>, C4<0>;
v0000000000fd1230_0 .net *"_s35", 0 0, L_0000000000fd15e8;  1 drivers
L_0000000000fd1630 .functor BUFT 1, C4<000000000000000000000000000000000>, C4<0>, C4<0>, C4<0>;
v0000000000fd0ab0_0 .net/2u *"_s36", 32 0, L_0000000000fd1630;  1 drivers
v0000000000fd0c90_0 .net *"_s38", 32 0, L_000000000102aaf0;  1 drivers
L_0000000000fd1438 .functor BUFT 1, C4<0>, C4<0>, C4<0>, C4<0>;
v0000000000fd0790_0 .net *"_s5", 0 0, L_0000000000fd1438;  1 drivers
L_0000000000fd1480 .functor BUFT 1, C4<000000000000000000000000000000011>, C4<0>, C4<0>, C4<0>;
v0000000000fd0d30_0 .net/2u *"_s6", 32 0, L_0000000000fd1480;  1 drivers
v0000000000fd0dd0_0 .net *"_s8", 32 0, L_0000000000fd0510;  1 drivers
v0000000000fd0fb0_0 .net "instruction_code", 31 0, L_000000000102ad70;  1 drivers
v0000000000fd12d0 .array "mem", 0 36, 7 0;
o0000000000f873b8 .functor BUFZ 1, C4<z>; HiZ drive
v0000000000fd1050_0 .net "reset", 0 0, o0000000000f873b8;  0 drivers
E_000000000108c180 .event edge, v0000000000fd1050_0;
L_0000000000fd1190 .array/port v0000000000fd12d0, L_0000000000fd0510;
L_0000000000fd0470 .concat [ 32 1 0 0], o0000000000f86f98, L_0000000000fd1438;
L_0000000000fd0510 .arith/sum 33, L_0000000000fd0470, L_0000000000fd1480;
L_0000000000fd05b0 .array/port v0000000000fd12d0, L_000000000102b8b0;
L_000000000102bef0 .concat [ 32 1 0 0], o0000000000f86f98, L_0000000000fd14c8;
L_000000000102b8b0 .arith/sum 33, L_000000000102bef0, L_0000000000fd1510;
L_000000000102a4b0 .array/port v0000000000fd12d0, L_000000000102bb30;
L_000000000102b130 .concat [ 32 1 0 0], o0000000000f86f98, L_0000000000fd1558;
L_000000000102bb30 .arith/sum 33, L_000000000102b130, L_0000000000fd15a0;
L_000000000102a550 .array/port v0000000000fd12d0, L_000000000102aaf0;
L_000000000102b590 .concat [ 32 1 0 0], o0000000000f86f98, L_0000000000fd15e8;
L_000000000102aaf0 .arith/sum 33, L_000000000102b590, L_0000000000fd1630;
L_000000000102ad70 .concat [ 8 8 8 8], L_000000000102a550, L_000000000102a4b0, L_0000000000fd05b0, L_0000000000fd1190;
    .scope S_0000000000f854e0;
T_0 ;
    %wait E_000000000108c180;
    %load/vec4 v0000000000fd1050_0;
    %nor/r;
    %flag_set/vec4 8;
    %jmp/0xz  T_0.0, 8;
T_0.0 ;
    %jmp T_0;
    .thread T_0, $push;
# The file index is used to find the file name in the following table.
:file_names 3;
    "N/A";
    "<interactive>";
    "instruction_memory.v";
